Start testing: May 19 11:14 PDT
----------------------------------------------------------
1/1 Testing: UnitTests
1/1 Test: UnitTests
Command: "/Users/josephmoniz/Dropbox/workspace/cpp/scrutiny/scrutiny_tests"
Directory: /Users/josephmoniz/Dropbox/workspace/cpp/scrutiny
"UnitTests" start time: May 19 11:14 PDT
Output:
----------------------------------------------------------
== Running Tests
[36m[  1%][0m [32mPASSED[0m test/scrutiny/runner/test_factory_test.cpp::test_factory_unary_test
[36m[  2%][0m [32mPASSED[0m test/scrutiny/runner/test_factory_test.cpp::test_factory_parameterized_test
[36m[  3%][0m [32mPASSED[0m test/scrutiny/assert/assert_failure_test.cpp::assert_failure_equals_test-0
[36m[  4%][0m [32mPASSED[0m test/scrutiny/assert/assert_failure_test.cpp::assert_failure_equals_test-1
[36m[  5%][0m [32mPASSED[0m test/scrutiny/assert/assert_failure_test.cpp::assert_failure_equals_test-2
[36m[  7%][0m [32mPASSED[0m test/scrutiny/assert/assert_failure_test.cpp::assert_failure_equals_test-3
[36m[  8%][0m [32mPASSED[0m test/scrutiny/assert/assert_failure_test.cpp::assert_failure_equals_test-4
[36m[  9%][0m [32mPASSED[0m test/scrutiny/assert/assert_failure_test.cpp::assert_failure_not_equals_test-0
[36m[ 10%][0m [32mPASSED[0m test/scrutiny/assert/assert_failure_test.cpp::assert_failure_not_equals_test-1
[36m[ 11%][0m [32mPASSED[0m test/scrutiny/assert/assert_failure_test.cpp::assert_failure_not_equals_test-2
[36m[ 12%][0m [32mPASSED[0m test/scrutiny/assert/assert_failure_test.cpp::assert_failure_not_equals_test-3
[36m[ 14%][0m [32mPASSED[0m test/scrutiny/assert/assert_failure_test.cpp::assert_failure_not_equals_test-4
[36m[ 15%][0m [32mPASSED[0m test/scrutiny/assert/assert_failure_test.cpp::assert_failure_to_repr_test
[36m[ 16%][0m [32mPASSED[0m test/scrutiny/assert/assert_failure_test.cpp::assert_failure_to_str_test
[36m[ 17%][0m [32mPASSED[0m test/scrutiny/assert/bool_test.cpp::bool_assert_eq_test-0
[36m[ 18%][0m [32mPASSED[0m test/scrutiny/assert/bool_test.cpp::bool_assert_eq_test-1
[36m[ 20%][0m [32mPASSED[0m test/scrutiny/assert/bool_test.cpp::bool_assert_eq_test-2
[36m[ 21%][0m [32mPASSED[0m test/scrutiny/assert/bool_test.cpp::bool_assert_eq_test-3
[36m[ 22%][0m [32mPASSED[0m test/scrutiny/assert/eq_test.cpp::assert_eq_not_implemented_test
[36m[ 23%][0m [32mPASSED[0m test/scrutiny/assert/numeric_test.cpp::int_assert_eq_test-0
[36m[ 24%][0m [32mPASSED[0m test/scrutiny/assert/numeric_test.cpp::int_assert_eq_test-1
[36m[ 25%][0m [32mPASSED[0m test/scrutiny/assert/numeric_test.cpp::int_assert_eq_test-2
[36m[ 27%][0m [32mPASSED[0m test/scrutiny/assert/numeric_test.cpp::int_assert_eq_test-3
[36m[ 28%][0m [32mPASSED[0m test/scrutiny/assert/numeric_test.cpp::size_t_assert_eq_test-0
[36m[ 29%][0m [32mPASSED[0m test/scrutiny/assert/numeric_test.cpp::size_t_assert_eq_test-1
[36m[ 30%][0m [32mPASSED[0m test/scrutiny/assert/numeric_test.cpp::size_t_assert_eq_test-2
[36m[ 31%][0m [32mPASSED[0m test/scrutiny/assert/numeric_test.cpp::size_t_assert_eq_test-3
[36m[ 32%][0m [32mPASSED[0m test/scrutiny/assert/optional_test.cpp::optional_assert_eq_test-0
[36m[ 34%][0m [32mPASSED[0m test/scrutiny/assert/optional_test.cpp::optional_assert_eq_test-1
[36m[ 35%][0m [32mPASSED[0m test/scrutiny/assert/optional_test.cpp::optional_assert_eq_test-2
[36m[ 36%][0m [32mPASSED[0m test/scrutiny/assert/optional_test.cpp::optional_assert_eq_test-3
[36m[ 37%][0m [32mPASSED[0m test/scrutiny/assert/optional_test.cpp::optional_assert_eq_test-4
[36m[ 38%][0m [32mPASSED[0m test/scrutiny/assert/optional_test.cpp::optional_assert_eq_test-5
[36m[ 40%][0m [32mPASSED[0m test/scrutiny/assert/optional_test.cpp::optional_assert_eq_test-6
[36m[ 41%][0m [32mPASSED[0m test/scrutiny/assert/str_test.cpp::string_view_assert_eq_test-0
[36m[ 42%][0m [32mPASSED[0m test/scrutiny/assert/str_test.cpp::string_view_assert_eq_test-1
[36m[ 43%][0m [32mPASSED[0m test/scrutiny/assert/str_test.cpp::string_view_assert_eq_test-2
[36m[ 44%][0m [32mPASSED[0m test/scrutiny/assert/str_test.cpp::string_view_assert_eq_test-3
[36m[ 45%][0m [32mPASSED[0m test/scrutiny/assert/str_test.cpp::string_assert_eq_test-0
[36m[ 47%][0m [32mPASSED[0m test/scrutiny/assert/str_test.cpp::string_assert_eq_test-1
[36m[ 48%][0m [32mPASSED[0m test/scrutiny/assert/str_test.cpp::string_assert_eq_test-2
[36m[ 49%][0m [32mPASSED[0m test/scrutiny/assert/str_test.cpp::string_assert_eq_test-3
[36m[ 50%][0m [32mPASSED[0m test/scrutiny/assert/str_test.cpp::c_string_assert_eq_test-0
[36m[ 51%][0m [32mPASSED[0m test/scrutiny/assert/str_test.cpp::c_string_assert_eq_test-1
[36m[ 52%][0m [32mPASSED[0m test/scrutiny/assert/str_test.cpp::c_string_assert_eq_test-2
[36m[ 54%][0m [32mPASSED[0m test/scrutiny/assert/str_test.cpp::c_string_assert_eq_test-3
[36m[ 55%][0m [32mPASSED[0m test/scrutiny/assert/vector_test.cpp::vector_assert_eq_test-0
[36m[ 56%][0m [32mPASSED[0m test/scrutiny/assert/vector_test.cpp::vector_assert_eq_test-1
[36m[ 57%][0m [32mPASSED[0m test/scrutiny/assert/vector_test.cpp::vector_assert_eq_test-2
[36m[ 58%][0m [32mPASSED[0m test/scrutiny/assert/vector_test.cpp::vector_assert_eq_test-3
[36m[ 60%][0m [32mPASSED[0m test/scrutiny/assert/vector_test.cpp::vector_assert_eq_test-4
[36m[ 61%][0m [32mPASSED[0m test/scrutiny/assert/vector_test.cpp::vector_assert_eq_test-5
[36m[ 62%][0m [32mPASSED[0m test/scrutiny/assert/vector_test.cpp::vector_assert_eq_test-6
[36m[ 63%][0m [32mPASSED[0m test/scrutiny/assert/vector_test.cpp::vector_assert_eq_test-7
[36m[ 64%][0m [32mPASSED[0m test/scrutiny/assert/vector_test.cpp::vector_assert_eq_test-8
[36m[ 65%][0m [32mPASSED[0m test/scrutiny/assert/vector_test.cpp::vector_assert_eq_test-9
[36m[ 67%][0m [32mPASSED[0m test/scrutiny/assert/vector_test.cpp::vector_assert_eq_test-10
[36m[ 68%][0m [32mPASSED[0m test/scrutiny/assert/vector_test.cpp::vector_assert_eq_test-11
[36m[ 69%][0m [32mPASSED[0m test/scrutiny/runner/test_failure_test.cpp::test_failure_equals_test-0
[36m[ 70%][0m [32mPASSED[0m test/scrutiny/runner/test_failure_test.cpp::test_failure_equals_test-1
[36m[ 71%][0m [32mPASSED[0m test/scrutiny/runner/test_failure_test.cpp::test_failure_equals_test-2
[36m[ 72%][0m [32mPASSED[0m test/scrutiny/runner/test_failure_test.cpp::test_failure_equals_test-3
[36m[ 74%][0m [32mPASSED[0m test/scrutiny/runner/test_failure_test.cpp::test_failure_equals_test-4
[36m[ 75%][0m [32mPASSED[0m test/scrutiny/runner/test_failure_test.cpp::test_failure_equals_test-5
[36m[ 76%][0m [32mPASSED[0m test/scrutiny/runner/test_failure_test.cpp::test_failure_not_equals_test-0
[36m[ 77%][0m [32mPASSED[0m test/scrutiny/runner/test_failure_test.cpp::test_failure_not_equals_test-1
[36m[ 78%][0m [32mPASSED[0m test/scrutiny/runner/test_failure_test.cpp::test_failure_not_equals_test-2
[36m[ 80%][0m [32mPASSED[0m test/scrutiny/runner/test_failure_test.cpp::test_failure_not_equals_test-3
[36m[ 81%][0m [32mPASSED[0m test/scrutiny/runner/test_failure_test.cpp::test_failure_not_equals_test-4
[36m[ 82%][0m [32mPASSED[0m test/scrutiny/runner/test_failure_test.cpp::test_failure_not_equals_test-5
[36m[ 83%][0m [32mPASSED[0m test/scrutiny/runner/test_failure_test.cpp::test_failure_test_name_test
[36m[ 84%][0m [32mPASSED[0m test/scrutiny/runner/test_failure_test.cpp::test_failure_to_repr_test
[36m[ 85%][0m [32mPASSED[0m test/scrutiny/runner/test_failure_test.cpp::test_failure_to_string_test
[36m[ 87%][0m [32mPASSED[0m test/scrutiny/runner/test_name_factory_test.cpp::test_name_factory_unary_test
[36m[ 88%][0m [32mPASSED[0m test/scrutiny/runner/test_name_factory_test.cpp::test_name_factory_parameterized_test
[36m[ 89%][0m [32mPASSED[0m test/scrutiny/runner/test_reporter_test.cpp::test_reporter_handle_test-0
[36m[ 90%][0m [32mPASSED[0m test/scrutiny/runner/test_reporter_test.cpp::test_reporter_handle_test-1
[36m[ 91%][0m [31mFAILED[0m test/scrutiny/runner/test_suite_test.cpp::test_suite_run_test-0
[36m[ 92%][0m [31mFAILED[0m test/scrutiny/runner/test_suite_test.cpp::test_suite_run_test-1
[36m[ 94%][0m [31mFAILED[0m test/scrutiny/runner/test_suite_test.cpp::test_suite_run_test-2
[36m[ 95%][0m [31mFAILED[0m test/scrutiny/runner/test_suite_test.cpp::test_suite_run_test-3
[36m[ 96%][0m [31mFAILED[0m test/scrutiny/runner/test_suite_test.cpp::test_suite_run_test-4
[36m[ 97%][0m [32mPASSED[0m test/scrutiny/runner/test_test.cpp::test_name_test
[36m[ 98%][0m [32mPASSED[0m test/scrutiny/runner/test_test.cpp::test_run_test-0
[36m[100%][0m [32mPASSED[0m test/scrutiny/runner/test_test.cpp::test_run_test-1

== Tests Failures

---[test/scrutiny/runner/test_suite_test.cpp::test_suite_run_test-0]
source: /Users/josephmoniz/Dropbox/workspace/cpp/scrutiny/test/scrutiny/runner/test_suite_test.cpp:178
assert 0 == 1

---[test/scrutiny/runner/test_suite_test.cpp::test_suite_run_test-1]
source: /Users/josephmoniz/Dropbox/workspace/cpp/scrutiny/test/scrutiny/runner/test_suite_test.cpp:178
assert 0 == 1

---[test/scrutiny/runner/test_suite_test.cpp::test_suite_run_test-2]
source: /Users/josephmoniz/Dropbox/workspace/cpp/scrutiny/test/scrutiny/runner/test_suite_test.cpp:178
assert 0 == 1

---[test/scrutiny/runner/test_suite_test.cpp::test_suite_run_test-3]
source: /Users/josephmoniz/Dropbox/workspace/cpp/scrutiny/test/scrutiny/runner/test_suite_test.cpp:178
assert 1 == 0

---[test/scrutiny/runner/test_suite_test.cpp::test_suite_run_test-4]
source: /Users/josephmoniz/Dropbox/workspace/cpp/scrutiny/test/scrutiny/runner/test_suite_test.cpp:178
assert 1 == 0

== Summary
Tests ran: 85
Tests failed: 5
Tests passed: 80
<end of output>
Test time =   0.01 sec
----------------------------------------------------------
Test Failed.
"UnitTests" end time: May 19 11:14 PDT
"UnitTests" time elapsed: 00:00:00
----------------------------------------------------------

End testing: May 19 11:14 PDT
